<?xml version="1.0" encoding="UTF-8"?>
<testng-results ignored="0" total="3" passed="3" failed="0" skipped="0">
  <reporter-output>
    <line>
      <![CDATA[Accounts>>createAccount>>Thread ID 1]]>
    </line>
    <line>
      <![CDATA[Accounts>>deleteAccount>>Thread ID 1]]>
    </line>
    <line>
      <![CDATA[Accounts>>editAccount>>Thread ID 1]]>
    </line>
  </reporter-output>
  <suite started-at="2022-11-01T22:32:47 IST" name="Default suite" finished-at="2022-11-01T22:33:50 IST" duration-ms="63048">
    <groups>
      <group name="regression">
        <method signature="Accounts.deleteAccount()[pri:0, instance:com.vtiger.testscript.Accounts@3fed2870]" name="deleteAccount" class="com.vtiger.testscript.Accounts"/>
        <method signature="Accounts.editAccount()[pri:0, instance:com.vtiger.testscript.Accounts@3fed2870]" name="editAccount" class="com.vtiger.testscript.Accounts"/>
      </group> <!-- regression -->
      <group name="smoke">
        <method signature="Accounts.createAccount()[pri:0, instance:com.vtiger.testscript.Accounts@3fed2870]" name="createAccount" class="com.vtiger.testscript.Accounts"/>
        <method signature="Accounts.deleteAccount()[pri:0, instance:com.vtiger.testscript.Accounts@3fed2870]" name="deleteAccount" class="com.vtiger.testscript.Accounts"/>
      </group> <!-- smoke -->
    </groups>
    <test started-at="2022-11-01T22:32:47 IST" name="Default test" finished-at="2022-11-01T22:33:50 IST" duration-ms="63048">
      <class name="com.vtiger.testscript.Accounts">
        <test-method is-config="true" signature="openBrowser(java.lang.String)[pri:0, instance:com.vtiger.testscript.Accounts@3fed2870]" started-at="2022-11-01T22:32:47 IST" name="openBrowser" finished-at="2022-11-01T22:32:51 IST" duration-ms="3896" status="PASS">
          <params>
            <param index="0">
              <value>
                <![CDATA[chrome]]>
              </value>
            </param>
          </params>
          <reporter-output>
          </reporter-output>
        </test-method> <!-- openBrowser -->
        <test-method is-config="true" signature="login()[pri:0, instance:com.vtiger.testscript.Accounts@3fed2870]" started-at="2022-11-01T22:32:51 IST" name="login" finished-at="2022-11-01T22:32:54 IST" duration-ms="3351" status="PASS">
          <reporter-output>
          </reporter-output>
        </test-method> <!-- login -->
        <test-method signature="createAccount()[pri:0, instance:com.vtiger.testscript.Accounts@3fed2870]" started-at="2022-11-01T22:32:54 IST" name="createAccount" finished-at="2022-11-01T22:33:19 IST" duration-ms="25491" status="PASS">
          <reporter-output>
            <line>
              <![CDATA[Accounts>>createAccount>>Thread ID 1]]>
            </line>
          </reporter-output>
        </test-method> <!-- createAccount -->
        <test-method is-config="true" signature="logout()[pri:0, instance:com.vtiger.testscript.Accounts@3fed2870]" started-at="2022-11-01T22:33:19 IST" name="logout" finished-at="2022-11-01T22:33:20 IST" duration-ms="587" status="PASS">
          <reporter-output>
          </reporter-output>
        </test-method> <!-- logout -->
        <test-method is-config="true" signature="login()[pri:0, instance:com.vtiger.testscript.Accounts@3fed2870]" started-at="2022-11-01T22:33:20 IST" name="login" finished-at="2022-11-01T22:33:21 IST" duration-ms="1098" status="PASS">
          <reporter-output>
          </reporter-output>
        </test-method> <!-- login -->
        <test-method signature="deleteAccount()[pri:0, instance:com.vtiger.testscript.Accounts@3fed2870]" started-at="2022-11-01T22:33:21 IST" name="deleteAccount" finished-at="2022-11-01T22:33:23 IST" duration-ms="1818" status="PASS">
          <reporter-output>
            <line>
              <![CDATA[Accounts>>deleteAccount>>Thread ID 1]]>
            </line>
          </reporter-output>
        </test-method> <!-- deleteAccount -->
        <test-method is-config="true" signature="logout()[pri:0, instance:com.vtiger.testscript.Accounts@3fed2870]" started-at="2022-11-01T22:33:23 IST" name="logout" finished-at="2022-11-01T22:33:24 IST" duration-ms="725" status="PASS">
          <reporter-output>
          </reporter-output>
        </test-method> <!-- logout -->
        <test-method is-config="true" signature="login()[pri:0, instance:com.vtiger.testscript.Accounts@3fed2870]" started-at="2022-11-01T22:33:24 IST" name="login" finished-at="2022-11-01T22:33:25 IST" duration-ms="1162" status="PASS">
          <reporter-output>
          </reporter-output>
        </test-method> <!-- login -->
        <test-method signature="editAccount()[pri:0, instance:com.vtiger.testscript.Accounts@3fed2870]" started-at="2022-11-01T22:33:25 IST" name="editAccount" finished-at="2022-11-01T22:33:49 IST" duration-ms="23736" status="PASS">
          <reporter-output>
            <line>
              <![CDATA[Accounts>>editAccount>>Thread ID 1]]>
            </line>
          </reporter-output>
        </test-method> <!-- editAccount -->
        <test-method is-config="true" signature="logout()[pri:0, instance:com.vtiger.testscript.Accounts@3fed2870]" started-at="2022-11-01T22:33:49 IST" name="logout" finished-at="2022-11-01T22:33:49 IST" duration-ms="361" status="PASS">
          <reporter-output>
          </reporter-output>
        </test-method> <!-- logout -->
        <test-method is-config="true" signature="closeBrowser()[pri:0, instance:com.vtiger.testscript.Accounts@3fed2870]" started-at="2022-11-01T22:33:49 IST" name="closeBrowser" finished-at="2022-11-01T22:33:50 IST" duration-ms="744" status="PASS">
          <reporter-output>
          </reporter-output>
        </test-method> <!-- closeBrowser -->
      </class> <!-- com.vtiger.testscript.Accounts -->
    </test> <!-- Default test -->
  </suite> <!-- Default suite -->
</testng-results>
