<?xml version="1.0" encoding="UTF-8"?>
<!-- Generated by org.testng.reporters.JUnitXMLReporter -->
<testsuite ignored="2" hostname="DESKTOP-30EK6F0" failures="0" tests="1" name="Test3(failed)" time="35.299" errors="0" timestamp="2022-10-31T18:07:41 IST">
  <testcase classname="com.vtiger.testscript.Accounts" name="editAccount" time="26.891"/>
  <testcase classname="com.vtiger.testscript.Accounts" name="createAccount" time="0.0">
    <ignored/>
  </testcase> <!-- createAccount -->
  <testcase classname="com.vtiger.testscript.Accounts" name="deleteAccount" time="0.0">
    <ignored/>
  </testcase> <!-- deleteAccount -->
</testsuite> <!-- Test3(failed) -->
