<?xml version="1.0" encoding="UTF-8"?>
<!-- Generated by org.testng.reporters.JUnitXMLReporter -->
<testsuite ignored="8" hostname="DESKTOP-30EK6F0" failures="1" tests="4" name="Test" time="53.589" errors="0" timestamp="2022-11-01T21:44:51 IST">
  <testcase classname="com.vtiger.testscript.Campaigns" name="deleteCampaign" time="3.651"/>
  <testcase classname="com.vtiger.testscript.Leads" name="deleteLead" time="2.302"/>
  <testcase classname="com.vtiger.testscript.Accounts" name="deleteAccount" time="1.934"/>
  <testcase classname="com.vtiger.testscript.Contacts" name="deleteContact" time="1.462">
    <failure type="java.lang.AssertionError" message="null">
      <![CDATA[java.lang.AssertionError: null
at com.vtiger.testscript.Contacts.deleteContact(Contacts.java:108)
at java.base/java.util.ArrayList.forEach(ArrayList.java:1511)
... Removed 27 stack frames]]>
    </failure>
  </testcase> <!-- deleteContact -->
  <testcase classname="com.vtiger.testscript.Campaigns" name="editCampaign" time="0.0">
    <ignored/>
  </testcase> <!-- editCampaign -->
  <testcase classname="com.vtiger.testscript.Accounts" name="createAccount" time="0.0">
    <ignored/>
  </testcase> <!-- createAccount -->
  <testcase classname="com.vtiger.testscript.Contacts" name="editContact" time="0.0">
    <ignored/>
  </testcase> <!-- editContact -->
  <testcase classname="com.vtiger.testscript.Campaigns" name="createCampaign" time="0.0">
    <ignored/>
  </testcase> <!-- createCampaign -->
  <testcase classname="com.vtiger.testscript.Contacts" name="createContact" time="0.0">
    <ignored/>
  </testcase> <!-- createContact -->
  <testcase classname="com.vtiger.testscript.Leads" name="editLead" time="0.0">
    <ignored/>
  </testcase> <!-- editLead -->
  <testcase classname="com.vtiger.testscript.Accounts" name="editAccount" time="0.0">
    <ignored/>
  </testcase> <!-- editAccount -->
  <testcase classname="com.vtiger.testscript.Leads" name="createLead" time="0.0">
    <ignored/>
  </testcase> <!-- createLead -->
</testsuite> <!-- Test -->
