<?xml version="1.0" encoding="UTF-8"?>
<!-- Generated by org.testng.reporters.JUnitXMLReporter -->
<testsuite ignored="0" hostname="DESKTOP-30EK6F0" failures="0" tests="6" name="Test1" time="484.348" errors="0" timestamp="2022-11-01T22:22:50 IST">
  <testcase classname="com.vtiger.testscript.Campaigns" name="createCampaign" time="239.179"/>
  <testcase classname="com.vtiger.testscript.Campaigns" name="editCampaign" time="66.976"/>
  <testcase classname="com.vtiger.testscript.Leads" name="createLead" time="318.133"/>
  <testcase classname="com.vtiger.testscript.Campaigns" name="deleteCampaign" time="6.259"/>
  <testcase classname="com.vtiger.testscript.Leads" name="editLead" time="76.005"/>
  <testcase classname="com.vtiger.testscript.Leads" name="deleteLead" time="4.423"/>
</testsuite> <!-- Test1 -->
