<?xml version="1.0" encoding="UTF-8"?>
<!-- Generated by org.testng.reporters.JUnitXMLReporter -->
<testsuite ignored="0" hostname="DESKTOP-30EK6F0" failures="0" tests="3" name="Test2" time="683.972" errors="0" timestamp="2022-11-01T22:26:10 IST">
  <testcase classname="com.vtiger.testscript.Contacts" name="createContact" time="433.287"/>
  <testcase classname="com.vtiger.testscript.Contacts" name="deleteContact" time="8.046"/>
  <testcase classname="com.vtiger.testscript.Contacts" name="editContact" time="92.879"/>
</testsuite> <!-- Test2 -->
