<?xml version="1.0" encoding="UTF-8"?>
<!-- Generated by org.testng.reporters.JUnitXMLReporter -->
<testsuite ignored="0" hostname="DESKTOP-30EK6F0" failures="0" tests="3" name="Test4" time="194.606" errors="0" timestamp="2022-11-01T10:51:06 IST">
  <testcase classname="com.vtiger.testscript.Contacts" name="createContact" time="111.045"/>
  <testcase classname="com.vtiger.testscript.Contacts" name="deleteContact" time="6.92"/>
  <testcase classname="com.vtiger.testscript.Contacts" name="editContact" time="38.425"/>
</testsuite> <!-- Test4 -->
