<?xml version="1.0" encoding="UTF-8"?>
<!-- Generated by org.testng.reporters.JUnitXMLReporter -->
<testsuite ignored="0" hostname="DESKTOP-30EK6F0" failures="0" tests="3" name="Default test" time="63.048" errors="0" timestamp="2022-11-01T22:33:50 IST">
  <testcase classname="com.vtiger.testscript.Accounts" name="createAccount" time="25.491"/>
  <testcase classname="com.vtiger.testscript.Accounts" name="deleteAccount" time="1.818"/>
  <testcase classname="com.vtiger.testscript.Accounts" name="editAccount" time="23.736"/>
</testsuite> <!-- Default test -->
